Log file open, 10/17/25 14:06:59
LogTrace: Initializing trace...
LogTrace: Finished trace initialization.
LogInit: Session CrashGUID >====================================================
         Session CrashGUID >   UECC-Windows-F52DF3604580F96DD923E690B66CE9DB
         Session CrashGUID >====================================================
LogConfig: No local boot hotfix file found at: [D:/Git_projects/UE/UE5_Ball_Game/UE5_Ball_Game/Saved/PersistentDownloadDir/HotfixForNextBoot.txt]
LogPluginManager: Mounting Engine plugin PlatformCrypto
LogInit: ExecutableName: UnrealPak.exe
LogInit: Build: ++UE5+Release-5.6-CL-44394996
LogInit: Platform=WindowsEditor
LogInit: MachineId=223ec97a4f9db6a1a8b109ae6ff3aa58
LogInit: DeviceId=
LogInit: Engine Version: 5.6.1-44394996+++UE5+Release-5.6
LogInit: Compatible Engine Version: 5.6.0-43139311+++UE5+Release-5.6
LogInit: Net CL: 43139311
LogInit: OS: Windows 11 (24H2) [10.0.26100.6899] (), CPU: 11th Gen Intel(R) Core(TM) i7-1165G7 @ 2.80GHz, GPU: Intel(R) Iris(R) Xe Graphics
LogInit: Compiled (64-bit): Jul 28 2025 21:09:38
LogInit: Architecture: x64
LogInit: Compiled with Visual C++: 19.38.33130.00
LogInit: Build Configuration: Development
LogInit: Branch Name: ++UE5+Release-5.6
LogInit: Command Line: -cryptokeys=D:\Git_projects\UE\UE5_Ball_Game\UE5_Ball_Game\Saved\Cooked\Windows\UE5_Ball_Game\Metadata\Crypto.json -patchpaddingalign=2048 -compressionformats=Oodle -compresslevel=4 -compressmethod=Kraken -platform=Windows -CreateMultiple="C:\Users\Administrator\AppData\Roaming\Unreal Engine\AutomationTool\Logs\E+UE_5.6\PakCommands.txt" -nopak
LogInit: Base Directory: E:/UE_5.6/Engine/Binaries/Win64/
LogInit: Allocator: Mimalloc
LogInit: Installed Engine Build: 1
LogInit: This binary is optimized with LTO: no, PGO: no, instrumented for PGO data collection: no
LogDevObjectVersion: Number of dev versions registered: 35
LogDevObjectVersion:   Dev-Blueprints (B0D832E4-1F89-4F0D-ACCF-7EB736FD4AA2): 10
LogDevObjectVersion:   Dev-Build (E1C64328-A22C-4D53-A36C-8E866417BD8C): 0
LogDevObjectVersion:   Dev-Core (375EC13C-06E4-48FB-B500-84F0262A717E): 4
LogDevObjectVersion:   Dev-Editor (E4B068ED-F494-42E9-A231-DA0B2E46BB41): 40
LogDevObjectVersion:   Dev-Framework (CFFC743F-43B0-4480-9391-14DF171D2073): 37
LogDevObjectVersion:   Dev-Mobile (B02B49B5-BB20-44E9-A304-32B752E40360): 3
LogDevObjectVersion:   Dev-Networking (A4E4105C-59A1-49B5-A7C5-40C4547EDFEE): 0
LogDevObjectVersion:   Dev-Online (39C831C9-5AE6-47DC-9A44-9C173E1C8E7C): 0
LogDevObjectVersion:   Dev-Physics (78F01B33-EBEA-4F98-B9B4-84EACCB95AA2): 20
LogDevObjectVersion:   Dev-Platform (6631380F-2D4D-43E0-8009-CF276956A95A): 0
LogDevObjectVersion:   Dev-Rendering (12F88B9F-8875-4AFC-A67C-D90C383ABD29): 49
LogDevObjectVersion:   Dev-Sequencer (7B5AE74C-D270-4C10-A958-57980B212A5A): 13
LogDevObjectVersion:   Dev-VR (D7296918-1DD6-4BDD-9DE2-64A83CC13884): 3
LogDevObjectVersion:   Dev-LoadTimes (C2A15278-BFE7-4AFE-6C17-90FF531DF755): 1
LogDevObjectVersion:   Private-Geometry (6EACA3D4-40EC-4CC1-B786-8BED09428FC5): 3
LogDevObjectVersion:   Dev-AnimPhys (29E575DD-E0A3-4627-9D10-D276232CDCEA): 17
LogDevObjectVersion:   Dev-Anim (AF43A65D-7FD3-4947-9873-3E8ED9C1BB05): 15
LogDevObjectVersion:   Dev-ReflectionCapture (6B266CEC-1EC7-4B8F-A30B-E4D90942FC07): 1
LogDevObjectVersion:   Dev-Automation (0DF73D61-A23F-47EA-B727-89E90C41499A): 1
LogDevObjectVersion:   FortniteMain (601D1886-AC64-4F84-AA16-D3DE0DEAC7D6): 207
LogDevObjectVersion:   FortniteValkyrie (8DBC2C5B-54A7-43E0-A768-FCBB7DA29060): 8
LogDevObjectVersion:   FortniteSeason (5B4C06B7-2463-4AF8-805B-BF70CDF5D0DD): 13
LogDevObjectVersion:   FortniteRelease (E7086368-6B23-4C58-8439-1B7016265E91): 17
LogDevObjectVersion:   Dev-Enterprise (9DFFBCD6-494F-0158-E221-12823C92A888): 11
LogDevObjectVersion:   Dev-Niagara (F2AED0AC-9AFE-416F-8664-AA7FFA26D6FC): 1
LogDevObjectVersion:   Dev-Destruction (174F1F0B-B4C6-45A5-B13F-2EE8D0FB917D): 10
LogDevObjectVersion:   Dev-Physics-Ext (35F94A83-E258-406C-A318-09F59610247C): 41
LogDevObjectVersion:   Dev-PhysicsMaterial-Chaos (B68FC16E-8B1B-42E2-B453-215C058844FE): 1
LogDevObjectVersion:   Dev-CineCamera (B2E18506-4273-CFC2-A54E-F4BB758BBA07): 1
LogDevObjectVersion:   Dev-VirtualProduction (64F58936-FD1B-42BA-BA96-7289D5D0FA4E): 1
LogDevObjectVersion:   UE5-Main (697DD581-E64F-41AB-AA4A-51ECBEB7B628): 121
LogDevObjectVersion:   UE5-Release (D89B5E42-24BD-4D46-8412-ACA8DF641779): 56
LogDevObjectVersion:   UE5-SpecialProject (59DA5D52-1232-4948-B878-597870B8E98B): 9
LogDevObjectVersion:   Dev-MediaFramework (6F0ED827-A609-4895-9C91-998D90180EA4): 2
LogDevObjectVersion:   Dev-NaniteResearch (30D58BE3-95EA-4282-A6E3-B159D8EBB06A): 1
LogInit: Presizing for max 100000 objects, including 0 objects not considered by GC.
LogInit: Object subsystem initialized
LogConfig: Applying CVar settings from Section [Startup] File [../../../Engine/Config/ConsoleVariables.ini]
LogConfig: CVar [[r.DumpShaderDebugInfo:2]] deferred - dummy variable created
LogConfig: CVar [[p.chaos.AllowCreatePhysxBodies:1]] deferred - dummy variable created
LogConfig: CVar [[fx.SkipVectorVMBackendOptimizations:1]] deferred - dummy variable created
LogConfig: CVar [[ds.CADTranslator.Meshing.ActivateThinZoneMeshing:0]] deferred - dummy variable created
LogConfig: CVar [[ds.CADTranslator.Stitching.RemoveThinFaces:0]] deferred - dummy variable created
LogConfig: Applying CVar settings from Section [Startup_Windows] File [../../../Engine/Config/ConsoleVariables.ini]
LogConfig: Applying CVar settings from Section [ConsoleVariables] File [Engine]
[2025.10.17-06.07.00:407][  0]LogInit: Computer: WIN-9NA7A5NQ83C
[2025.10.17-06.07.00:407][  0]LogInit: User: Administrator
[2025.10.17-06.07.00:407][  0]LogInit: CPU Page size=4096, Cores=4
[2025.10.17-06.07.00:407][  0]LogInit: High frequency timer resolution =10.000000 MHz
[2025.10.17-06.07.00:408][  0]LogMemory: Process is running as part of a Windows Job with separate resource limits
[2025.10.17-06.07.00:408][  0]LogMemory: Memory total: Physical=15.7GB (16GB approx) Virtual=31.7GB
[2025.10.17-06.07.00:408][  0]LogMemory: Platform Memory Stats for WindowsEditor
[2025.10.17-06.07.00:408][  0]LogMemory: Process Physical Memory: 61.73 MB used, 61.73 MB peak
[2025.10.17-06.07.00:408][  0]LogMemory: Process Virtual Memory: 105.32 MB used, 105.32 MB peak
[2025.10.17-06.07.00:408][  0]LogMemory: Physical Memory: 9459.61 MB used,  6613.62 MB free, 16073.23 MB total
[2025.10.17-06.07.00:408][  0]LogMemory: Virtual Memory: 21164.60 MB used,  11292.64 MB free, 32457.23 MB total
[2025.10.17-06.07.00:451][  0]LogAssetRegistry: FAssetRegistry took 0.0040 seconds to start up
[2025.10.17-06.07.00:456][  0]LogUObjectArray: 462 objects as part of root set at end of initial load.
[2025.10.17-06.07.00:456][  0]LogUObjectArray: CloseDisregardForGC: 0/0 objects in disregard for GC pool
[2025.10.17-06.07.00:458][  0]LogInit: Using OS detected language ().
[2025.10.17-06.07.00:458][  0]LogInit: Using OS detected locale ().
[2025.10.17-06.07.00:459][  0]LogTextLocalizationManager: No localization for '' exists, so 'en' will be used for the language.
[2025.10.17-06.07.00:460][  0]LogTextLocalizationManager: No localization for '' exists, so 'en' will be used for the locale.
[2025.10.17-06.07.00:460][  0]LogInit: Using OS detected language ().
[2025.10.17-06.07.00:460][  0]LogInit: Using OS detected locale ().
[2025.10.17-06.07.00:460][  0]LogTextLocalizationManager: No localization for '' exists, so 'en' will be used for the language.
[2025.10.17-06.07.00:460][  0]LogTextLocalizationManager: No localization for '' exists, so 'en' will be used for the locale.
[2025.10.17-06.07.00:461][  0]LogPakFile: Display: ProjectDir: D:/Git_projects/UE/UE5_Ball_Game/UE5_Ball_Game/
[2025.10.17-06.07.00:461][  0]LogPakFile: Display: Parsing crypto keys from a crypto key cache file
[2025.10.17-06.07.00:464][  0]LogPakFile: Engine only spawned 6 worker threads, bumping up to 7!
[2025.10.17-06.07.00:469][  0]LogPakFile: Display: CompressionFormats in priority order: Oodle, Zlib
[2025.10.17-06.07.00:469][  0]LogPakFile: Display: Oodle enabled on 'NoPluginCompression' files
[2025.10.17-06.07.00:472][  0]LogPakFile: Display: Loading response file E:\UE_5.6\Engine\Programs\AutomationTool\Saved\ResponseFiles\PakList_UE5_Ball_Game-Windows.txt
[2025.10.17-06.07.00:484][  0]LogPakFile: Display: Added 1656 entries to add to pak file.
[2025.10.17-06.07.00:484][  0]LogPakFile: Display: Collecting files to add to pak file...
[2025.10.17-06.07.00:502][  0]LogPakFile: Display: Collected 1656 files in 0.02s.
[2025.10.17-06.07.00:508][  0]LogPakFile: Display: Creating pak D:\Git_projects\UE\UE5_Ball_Game\UE5_Ball_Game\Saved\StagedBuilds\Windows\UE5_Ball_Game\Content\Paks\UE5_Ball_Game-Windows.pak.
[2025.10.17-06.07.00:517][  0]OodleDataCompression: Display: Oodle v2.9.13 format for pak/iostore with method=Kraken, level=4=Normal
[2025.10.17-06.07.02:518][  0]LogPakFile: Display: Writing entries (718/1656)...
[2025.10.17-06.07.04:519][  0]LogPakFile: Display: Writing entries (861/1656)...
[2025.10.17-06.07.06:520][  0]LogPakFile: Display: Writing entries (861/1656)...
[2025.10.17-06.07.06:953][  0]LogPakFile: Display: Created pak file: D:\Git_projects\UE\UE5_Ball_Game\UE5_Ball_Game\Saved\StagedBuilds\Windows\UE5_Ball_Game\Content\Paks\UE5_Ball_Game-Windows.pak
[2025.10.17-06.07.06:992][  0]LogPakFile: Display: CompressionFormat 0 [Oodle] : 372 files, 28215284 -> 9507014 bytes
[2025.10.17-06.07.06:992][  0]LogPakFile: Display: CompressionFormat 2 [None] : 1284 files, 753300 -> 753300 bytes
[2025.10.17-06.07.06:992][  0]LogPakFile: Display: Added 1656 files, 10896234 bytes total
[2025.10.17-06.07.06:992][  0]LogPakFile: Display: PrimaryIndex size: 23110 bytes
[2025.10.17-06.07.06:992][  0]LogPakFile: Display: PathHashIndex size: 50110 bytes
[2025.10.17-06.07.06:992][  0]LogPakFile: Display: FullDirectoryIndex size: 54065 bytes
[2025.10.17-06.07.06:992][  0]LogPakFile: Display: Compression summary: 33.69% of original size. Compressed Size 9507014 bytes, Original Size 28215284 bytes. 
[2025.10.17-06.07.06:992][  0]LogPakFile: Display: Encryption - DISABLED
[2025.10.17-06.07.06:992][  0]LogPakFile: Display: 
[2025.10.17-06.07.06:992][  0]LogPakFile: Display: Writer and Compression Threads exited.
[2025.10.17-06.07.06:993][  0]LogPakFile: Display: UnrealPak executed in 6.532589 seconds
[2025.10.17-06.07.07:003][  0]LogCore: Engine exit requested (reason: UnrealPak Exiting)
[2025.10.17-06.07.07:004][  0]LogExit: Preparing to exit.
[2025.10.17-06.07.07:011][  0]LogExit: Object subsystem successfully closed.
[2025.10.17-06.07.07:012][  0]LogPakFile: Destroying PakPlatformFile
[2025.10.17-06.07.07:014][  0]LogExit: Exiting.
[2025.10.17-06.07.07:067][  0]Log file closed, 10/17/25 14:07:07
